2025-07-31 20:08:05.832 [warning] Dir "/home/noah_a_whelan/pythonexecutor/.pixi/envs" is not watchable (directory does not exist)
2025-07-31 20:08:05.832 [info] Starting Environment refresh
2025-07-31 20:08:05.832 [info] Searching for interpreters in posix paths locator
2025-07-31 20:08:05.832 [info] Searching for pyenv environments
2025-07-31 20:08:05.832 [info] Searching for conda environments
2025-07-31 20:08:05.832 [info] Searching for global virtual environments
2025-07-31 20:08:05.832 [info] Searching for custom virtual environments
2025-07-31 20:08:05.832 [info] pyenv is not installed
2025-07-31 20:08:05.832 [info] Finished searching for pyenv environments: 1951 milliseconds
2025-07-31 20:08:05.832 [info] Finished searching for custom virtual envs: 1951 milliseconds
2025-07-31 20:08:05.832 [info] > conda info --json
2025-07-31 20:08:05.832 [info] > hatch env show --json
2025-07-31 20:08:05.832 [info] cwd: .
2025-07-31 20:08:05.832 [info] > pyenv which python
2025-07-31 20:08:05.832 [info] cwd: .
2025-07-31 20:08:05.832 [info] Finished searching for global virtual envs: 1976 milliseconds
2025-07-31 20:08:05.839 [info] Found: /bin/python --> /bin/python3.12
2025-07-31 20:08:05.847 [info] Found: /bin/python3 --> /bin/python3.12
2025-07-31 20:08:05.848 [info] Found: /bin/python3.12 --> /bin/python3.12
2025-07-31 20:08:11.348 [info] Found: /usr/bin/python --> /usr/bin/python3.12
2025-07-31 20:08:11.385 [info] Found: /usr/bin/python3 --> /usr/bin/python3.12
2025-07-31 20:08:11.403 [info] Found: /usr/bin/python3.12 --> /usr/bin/python3.12
2025-07-31 20:08:11.522 [info] Finished searching for interpreters in posix paths locator: 7677 milliseconds
2025-07-31 20:08:11.522 [info] > /bin/python -I /google/devshell/editor/code-oss-for-cloud-shell/extensions/ms-python.python/python_files/get_output_via_markers.py /google/devshell/editor/code-oss-for-cloud-shell/extensions/ms-python.python/python_files/interpreterInfo.py
2025-07-31 20:08:11.585 [info] > /usr/bin/python -I /google/devshell/editor/code-oss-for-cloud-shell/extensions/ms-python.python/python_files/get_output_via_markers.py /google/devshell/editor/code-oss-for-cloud-shell/extensions/ms-python.python/python_files/interpreterInfo.py
2025-07-31 20:08:11.585 [info] Environments refresh paths discovered (event): 7756 milliseconds
2025-07-31 20:08:11.585 [info] Environments refresh paths discovered: 7756 milliseconds
2025-07-31 20:08:11.777 [info] Environments refresh finished (event): 7948 milliseconds
2025-07-31 20:08:11.799 [info] Environment refresh took 7969 milliseconds
2025-07-31 20:08:11.812 [info] Python interpreter path: /bin/python
2025-07-31 20:08:15.312 [info] Starting Jedi language server for pythonexecutor.
2025-07-31 20:09:02.974 [info] Running installed packages checker:  {
  id: '/bin/python',
  sysPrefix: '/usr',
  envType: 'Global',
  envName: '',
  envPath: '',
  path: '/bin/python',
  architecture: 3,
  sysVersion: '3.12.3 (main, Jun 18 2025, 17:59:45) [GCC 13.3.0]',
  version: {
    raw: '3.12.3',
    major: 3,
    minor: 12,
    patch: 3,
    build: [],
    prerelease: [ 'final', '0' ]
  },
  displayName: 'Python 3.12.3 64-bit',
  detailedDisplayName: 'Python 3.12.3 64-bit',
  type: undefined
} /google/devshell/editor/code-oss-for-cloud-shell/extensions/ms-python.python/python_files/installed_check.py /home/noah_a_whelan/pythonexecutor/requirements.txt
2025-07-31 20:09:02.974 [info] > /bin/python /google/devshell/editor/code-oss-for-cloud-shell/extensions/ms-python.python/python_files/installed_check.py ./requirements.txt
2025-07-31 20:09:36.772 [info] Send text to terminal: /bin/python /home/noah_a_whelan/pythonexecutor/app.py
2025-07-31 20:09:44.357 [info] Selected workspace /home/noah_a_whelan/pythonexecutor for creating virtual environment.
2025-07-31 20:09:47.289 [info] Selected interpreter /bin/python for creating virtual environment.
2025-07-31 20:09:49.783 [info] Running Env creation script:  [
  '/bin/python',
  '/google/devshell/editor/code-oss-for-cloud-shell/extensions/ms-python.python/python_files/create_venv.py',
  '--git-ignore',
  '--requirements',
  '/home/noah_a_whelan/pythonexecutor/requirements.txt'
]
2025-07-31 20:09:49.783 [info] > /bin/python /google/devshell/editor/code-oss-for-cloud-shell/extensions/ms-python.python/python_files/create_venv.py --git-ignore --requirements ./requirements.txt
2025-07-31 20:09:49.783 [info] cwd: .
2025-07-31 20:09:50.053 [info] Running: /bin/python -m venv .venv
2025-07-31 20:09:51.266 [info] > ./.venv/bin/python -I /google/devshell/editor/code-oss-for-cloud-shell/extensions/ms-python.python/python_files/get_output_via_markers.py /google/devshell/editor/code-oss-for-cloud-shell/extensions/ms-python.python/python_files/interpreterInfo.py
2025-07-31 20:09:51.267 [info] Environments refresh paths discovered: 31 milliseconds
2025-07-31 20:09:51.342 [info] Environments refresh finished (event): 107 milliseconds
2025-07-31 20:09:56.155 [info] CREATED_VENV:/home/noah_a_whelan/pythonexecutor/.venv/bin/python
2025-07-31 20:09:56.156 [info] Creating: /home/noah_a_whelan/pythonexecutor/.venv/.gitignore
CREATE_VENV.UPGRADING_PIP
Running: /home/noah_a_whelan/pythonexecutor/.venv/bin/python -m pip install --upgrade pip
2025-07-31 20:09:56.670 [info] Requirement already satisfied: pip in ./.venv/lib/python3.12/site-packages (24.0)
2025-07-31 20:09:56.853 [info] Collecting pip
2025-07-31 20:09:56.926 [info]   Downloading pip-25.2-py3-none-any.whl.metadata (4.7 kB)
2025-07-31 20:09:56.950 [info] Downloading pip-25.2-py3-none-any.whl (1.8 MB)
2025-07-31 20:09:57.102 [info]    ━━━━━━━━━━━━━━━━━━━━━━━━━━━━━━━━━━━━━━━━ 1.8/1.8 MB 14.7 MB/s eta 0:00:00
2025-07-31 20:09:57.103 [info] 
2025-07-31 20:09:57.128 [info] Installing collected packages: pip
2025-07-31 20:09:57.129 [info]   Attempting uninstall: pip
2025-07-31 20:09:57.133 [info]     Found existing installation: pip 24.0
2025-07-31 20:09:57.191 [info]     Uninstalling pip-24.0:
2025-07-31 20:09:57.200 [info]       Successfully uninstalled pip-24.0
2025-07-31 20:09:58.605 [info] Successfully installed pip-25.2
2025-07-31 20:09:58.767 [info] CREATE_VENV.UPGRADED_PIP
VENV_INSTALLING_REQUIREMENTS: ['/home/noah_a_whelan/pythonexecutor/requirements.txt']
VENV_INSTALLING_REQUIREMENTS: /home/noah_a_whelan/pythonexecutor/requirements.txt
Running: /home/noah_a_whelan/pythonexecutor/.venv/bin/python -m pip install -r /home/noah_a_whelan/pythonexecutor/requirements.txt
2025-07-31 20:09:59.413 [info] Collecting Flask==2.3.3 (from -r /home/noah_a_whelan/pythonexecutor/requirements.txt (line 1))
2025-07-31 20:09:59.486 [info]   Downloading flask-2.3.3-py3-none-any.whl.metadata (3.6 kB)
2025-07-31 20:09:59.547 [info] Collecting requests==2.31.0 (from -r /home/noah_a_whelan/pythonexecutor/requirements.txt (line 2))
2025-07-31 20:09:59.558 [info]   Downloading requests-2.31.0-py3-none-any.whl.metadata (4.6 kB)
2025-07-31 20:09:59.712 [info] Collecting debugpy (from -r /home/noah_a_whelan/pythonexecutor/requirements.txt (line 3))
2025-07-31 20:09:59.723 [info]   Downloading debugpy-1.8.15-cp312-cp312-manylinux_2_5_x86_64.manylinux1_x86_64.manylinux_2_17_x86_64.manylinux2014_x86_64.whl.metadata (1.3 kB)
2025-07-31 20:09:59.774 [info] Collecting Werkzeug>=2.3.7 (from Flask==2.3.3->-r /home/noah_a_whelan/pythonexecutor/requirements.txt (line 1))
2025-07-31 20:09:59.783 [info]   Downloading werkzeug-3.1.3-py3-none-any.whl.metadata (3.7 kB)
2025-07-31 20:09:59.824 [info] Collecting Jinja2>=3.1.2 (from Flask==2.3.3->-r /home/noah_a_whelan/pythonexecutor/requirements.txt (line 1))
2025-07-31 20:09:59.834 [info]   Downloading jinja2-3.1.6-py3-none-any.whl.metadata (2.9 kB)
2025-07-31 20:09:59.868 [info] Collecting itsdangerous>=2.1.2 (from Flask==2.3.3->-r /home/noah_a_whelan/pythonexecutor/requirements.txt (line 1))
2025-07-31 20:09:59.878 [info]   Downloading itsdangerous-2.2.0-py3-none-any.whl.metadata (1.9 kB)
2025-07-31 20:09:59.948 [info] Collecting click>=8.1.3 (from Flask==2.3.3->-r /home/noah_a_whelan/pythonexecutor/requirements.txt (line 1))
2025-07-31 20:09:59.958 [info]   Downloading click-8.2.1-py3-none-any.whl.metadata (2.5 kB)
2025-07-31 20:09:59.997 [info] Collecting blinker>=1.6.2 (from Flask==2.3.3->-r /home/noah_a_whelan/pythonexecutor/requirements.txt (line 1))
2025-07-31 20:10:00.006 [info]   Downloading blinker-1.9.0-py3-none-any.whl.metadata (1.6 kB)
2025-07-31 20:10:00.137 [info] Collecting charset-normalizer<4,>=2 (from requests==2.31.0->-r /home/noah_a_whelan/pythonexecutor/requirements.txt (line 2))
2025-07-31 20:10:00.148 [info]   Downloading charset_normalizer-3.4.2-cp312-cp312-manylinux_2_17_x86_64.manylinux2014_x86_64.whl.metadata (35 kB)
2025-07-31 20:10:00.198 [info] Collecting idna<4,>=2.5 (from requests==2.31.0->-r /home/noah_a_whelan/pythonexecutor/requirements.txt (line 2))
2025-07-31 20:10:00.209 [info]   Downloading idna-3.10-py3-none-any.whl.metadata (10 kB)
2025-07-31 20:10:00.269 [info] Collecting urllib3<3,>=1.21.1 (from requests==2.31.0->-r /home/noah_a_whelan/pythonexecutor/requirements.txt (line 2))
2025-07-31 20:10:00.280 [info]   Downloading urllib3-2.5.0-py3-none-any.whl.metadata (6.5 kB)
2025-07-31 20:10:00.332 [info] Collecting certifi>=2017.4.17 (from requests==2.31.0->-r /home/noah_a_whelan/pythonexecutor/requirements.txt (line 2))
2025-07-31 20:10:00.343 [info]   Downloading certifi-2025.7.14-py3-none-any.whl.metadata (2.4 kB)
2025-07-31 20:10:00.444 [info] Collecting MarkupSafe>=2.0 (from Jinja2>=3.1.2->Flask==2.3.3->-r /home/noah_a_whelan/pythonexecutor/requirements.txt (line 1))
2025-07-31 20:10:00.454 [info]   Downloading MarkupSafe-3.0.2-cp312-cp312-manylinux_2_17_x86_64.manylinux2014_x86_64.whl.metadata (4.0 kB)
2025-07-31 20:10:00.482 [info] Downloading flask-2.3.3-py3-none-any.whl (96 kB)
2025-07-31 20:10:00.508 [info] Downloading requests-2.31.0-py3-none-any.whl (62 kB)
2025-07-31 20:10:00.529 [info] Downloading charset_normalizer-3.4.2-cp312-cp312-manylinux_2_17_x86_64.manylinux2014_x86_64.whl (148 kB)
2025-07-31 20:10:00.555 [info] Downloading idna-3.10-py3-none-any.whl (70 kB)
2025-07-31 20:10:00.576 [info] Downloading urllib3-2.5.0-py3-none-any.whl (129 kB)
2025-07-31 20:10:00.596 [info] Downloading debugpy-1.8.15-cp312-cp312-manylinux_2_5_x86_64.manylinux1_x86_64.manylinux_2_17_x86_64.manylinux2014_x86_64.whl (4.2 MB)
2025-07-31 20:10:00.655 [info]    ━━━━━━━━━━━━━━━━━━━━━━━━━━━━━━━━━━━━━━━━ 4.2/4.2 MB 72.4 MB/s  0:00:00
2025-07-31 20:10:00.656 [info] 
2025-07-31 20:10:00.666 [info] Downloading blinker-1.9.0-py3-none-any.whl (8.5 kB)
2025-07-31 20:10:00.686 [info] Downloading certifi-2025.7.14-py3-none-any.whl (162 kB)
2025-07-31 20:10:00.709 [info] Downloading click-8.2.1-py3-none-any.whl (102 kB)
2025-07-31 20:10:00.731 [info] Downloading itsdangerous-2.2.0-py3-none-any.whl (16 kB)
2025-07-31 20:10:00.757 [info] Downloading jinja2-3.1.6-py3-none-any.whl (134 kB)
2025-07-31 20:10:00.778 [info] Downloading MarkupSafe-3.0.2-cp312-cp312-manylinux_2_17_x86_64.manylinux2014_x86_64.whl (23 kB)
2025-07-31 20:10:00.801 [info] Downloading werkzeug-3.1.3-py3-none-any.whl (224 kB)
2025-07-31 20:10:00.881 [info] Installing collected packages: urllib3, MarkupSafe, itsdangerous, idna, debugpy, click, charset-normalizer, certifi, blinker, Werkzeug, requests, Jinja2, Flask
2025-07-31 20:10:03.114 [info] 
2025-07-31 20:10:03.117 [info] Successfully installed Flask-2.3.3 Jinja2-3.1.6 MarkupSafe-3.0.2 Werkzeug-3.1.3 blinker-1.9.0 certifi-2025.7.14 charset-normalizer-3.4.2 click-8.2.1 debugpy-1.8.15 idna-3.10 itsdangerous-2.2.0 requests-2.31.0 urllib3-2.5.0
2025-07-31 20:10:03.387 [info] CREATE_VENV.PIP_INSTALLED_REQUIREMENTS
2025-07-31 20:10:03.532 [info] Discover tests for workspace name: pythonexecutor - uri: /home/noah_a_whelan/pythonexecutor
2025-07-31 20:10:03.532 [info] Python interpreter path: ./.venv/bin/python
2025-07-31 20:10:04.602 [info] Starting Jedi language server for pythonexecutor.
2025-07-31 20:14:48.825 [info] Discover tests for workspace name: pythonexecutor - uri: /home/noah_a_whelan/pythonexecutor/app.py
2025-07-31 20:14:57.942 [info] Discover tests for workspace name: pythonexecutor - uri: /home/noah_a_whelan/pythonexecutor/app.py
2025-07-31 20:15:48.893 [info] Discover tests for workspace name: pythonexecutor - uri: /home/noah_a_whelan/pythonexecutor/app.py
2025-07-31 20:15:49.521 [info] Discover tests for workspace name: pythonexecutor - uri: /home/noah_a_whelan/pythonexecutor/app.py
2025-07-31 20:15:50.685 [info] Discover tests for workspace name: pythonexecutor - uri: /home/noah_a_whelan/pythonexecutor/app.py
2025-07-31 20:15:51.132 [info] Discover tests for workspace name: pythonexecutor - uri: /home/noah_a_whelan/pythonexecutor/app.py
2025-07-31 20:17:07.278 [info] Discover tests for workspace name: undefined - uri: /User/settings.json
2025-07-31 20:21:27.298 [info] Running installed packages checker:  {
  id: '/home/noah_a_whelan/pythonexecutor/.venv/bin/python',
  sysPrefix: '/home/noah_a_whelan/pythonexecutor/.venv',
  envType: 'Venv',
  envName: '.venv',
  envPath: '/home/noah_a_whelan/pythonexecutor/.venv',
  path: '/home/noah_a_whelan/pythonexecutor/.venv/bin/python',
  architecture: 3,
  sysVersion: '3.12.3 (main, Jun 18 2025, 17:59:45) [GCC 13.3.0]',
  version: {
    raw: '3.12.3',
    major: 3,
    minor: 12,
    patch: 3,
    build: [],
    prerelease: [ 'final', '0' ]
  },
  displayName: "Python 3.12.3 ('.venv')",
  detailedDisplayName: "Python 3.12.3 ('.venv': venv)",
  type: 'Virtual'
} /google/devshell/editor/code-oss-for-cloud-shell/extensions/ms-python.python/python_files/installed_check.py /home/noah_a_whelan/pythonexecutor/requirements.txt
2025-07-31 20:21:27.298 [info] > ./.venv/bin/python /google/devshell/editor/code-oss-for-cloud-shell/extensions/ms-python.python/python_files/installed_check.py ./requirements.txt
2025-07-31 20:24:14.486 [info] Send text to terminal: source /home/noah_a_whelan/pythonexecutor/.venv/bin/activate
