Initializing document watcher...
Document watcher initialized
pythonexecutor/app.py: {}
pythonexecutor/.dockerignore: {}
pythonexecutor/app.py: {}
pythonexecutor/Dockerfile: {}
pythonexecutor/requirements.txt: {}
pythonexecutor/README.md: {}
pythonexecutor/app.py: {}
pythonexecutor/app.py: {}
pythonexecutor/app.py: {}
pythonexecutor/app.py: {}
pythonexecutor/app.py: {}
pythonexecutor/app.py: {}
pythonexecutor/app.py: {}
pythonexecutor/app.py: {}
pythonexecutor/app.py: {}
pythonexecutor/app.py: {}
pythonexecutor/app.py: {}
pythonexecutor/app.py: {}
pythonexecutor/app.py: {}
pythonexecutor/app.py: {}
pythonexecutor/app.py: {}
pythonexecutor/app.py: Using EditorConfig core...
pythonexecutor/app.py: Using EditorConfig core...
pythonexecutor/app.py: {}
pythonexecutor/app.py: {}
pythonexecutor/app.py: {}
pythonexecutor/app.py: {}
pythonexecutor/app.py: {}
pythonexecutor/app.py: Using EditorConfig core...
pythonexecutor/app.py: Using EditorConfig core...
pythonexecutor/app.py: Using EditorConfig core...
pythonexecutor/app.py: Using EditorConfig core...
pythonexecutor/app.py: {}
pythonexecutor/app.py: {}
pythonexecutor/app.py: {}
/User/settings.json: Using EditorConfig core...
No more open editors.
pythonexecutor/app.py: {}
pythonexecutor/app.py: {}
pythonexecutor/app.py: {}
undefined: {}
pythonexecutor/app.py: {}
pythonexecutor/app.py: {}
No more open editors.
pythonexecutor/app.py: {}
pythonexecutor/app.py: {}
pythonexecutor/app.py: {}
pythonexecutor/requirements.txt: {}
pythonexecutor/requirements.txt: {}
pythonexecutor/requirements.txt: {}
pythonexecutor/requirements.txt: {}
No more open editors.
pythonexecutor/requirements.txt: {}
pythonexecutor/requirements.txt: {}
pythonexecutor/app.py: {}
pythonexecutor/app.py: {}
undefined: {}
undefined: {}
pythonexecutor/app.py: {}
pythonexecutor/app.py: {}
No more open editors.
No more open editors.
No more open editors.
No more open editors.
No more open editors.
No more open editors.
No more open editors.
No more open editors.
No more open editors.
No more open editors.
No more open editors.
No more open editors.
