2025-07-31 20:08:05.840 [info] [main] Log level: Info
2025-07-31 20:08:05.840 [info] [main] Validating found git in: "git"
2025-07-31 20:08:05.840 [info] [main] Using git "2.43.0" from "git"
2025-07-31 20:08:05.840 [info] [Model][doInitialScan] Initial repository scan started
2025-07-31 20:08:05.840 [info] > git rev-parse --show-toplevel [2030ms]
2025-07-31 20:08:05.840 [info] fatal: not a git repository (or any parent up to mount point /)
Stopping at filesystem boundary (GIT_DISCOVERY_ACROSS_FILESYSTEM not set).
2025-07-31 20:08:05.842 [info] > git rev-parse --show-toplevel [4ms]
2025-07-31 20:08:05.842 [info] fatal: not a git repository (or any parent up to mount point /)
Stopping at filesystem boundary (GIT_DISCOVERY_ACROSS_FILESYSTEM not set).
2025-07-31 20:08:05.961 [info] > git rev-parse --show-toplevel [114ms]
2025-07-31 20:08:05.961 [info] fatal: not a git repository (or any parent up to mount point /)
Stopping at filesystem boundary (GIT_DISCOVERY_ACROSS_FILESYSTEM not set).
2025-07-31 20:08:05.995 [info] > git rev-parse --show-toplevel [19ms]
2025-07-31 20:08:05.995 [info] fatal: not a git repository (or any parent up to mount point /)
Stopping at filesystem boundary (GIT_DISCOVERY_ACROSS_FILESYSTEM not set).
2025-07-31 20:08:10.747 [info] > git rev-parse --show-toplevel [4745ms]
2025-07-31 20:08:10.747 [info] fatal: not a git repository (or any parent up to mount point /)
Stopping at filesystem boundary (GIT_DISCOVERY_ACROSS_FILESYSTEM not set).
2025-07-31 20:08:11.328 [info] > git rev-parse --show-toplevel [470ms]
2025-07-31 20:08:11.328 [info] fatal: not a git repository (or any parent up to mount point /)
Stopping at filesystem boundary (GIT_DISCOVERY_ACROSS_FILESYSTEM not set).
2025-07-31 20:08:11.357 [info] > git rev-parse --show-toplevel [15ms]
2025-07-31 20:08:11.357 [info] fatal: not a git repository (or any parent up to mount point /)
Stopping at filesystem boundary (GIT_DISCOVERY_ACROSS_FILESYSTEM not set).
2025-07-31 20:08:11.357 [info] [Model][doInitialScan] Initial repository scan completed - repositories (0), closed repositories (0), parent repositories (0), unsafe repositories (0)
2025-07-31 20:08:11.384 [info] > git rev-parse --show-toplevel [18ms]
2025-07-31 20:08:11.384 [info] fatal: not a git repository (or any parent up to mount point /)
Stopping at filesystem boundary (GIT_DISCOVERY_ACROSS_FILESYSTEM not set).
2025-07-31 20:08:48.988 [info] > git rev-parse --show-toplevel [7ms]
2025-07-31 20:08:48.989 [info] fatal: not a git repository (or any parent up to mount point /)
Stopping at filesystem boundary (GIT_DISCOVERY_ACROSS_FILESYSTEM not set).
2025-07-31 20:08:58.579 [info] > git rev-parse --show-toplevel [7ms]
2025-07-31 20:08:58.579 [info] fatal: not a git repository (or any parent up to mount point /)
Stopping at filesystem boundary (GIT_DISCOVERY_ACROSS_FILESYSTEM not set).
2025-07-31 20:08:59.317 [info] > git rev-parse --show-toplevel [8ms]
2025-07-31 20:08:59.317 [info] fatal: not a git repository (or any parent up to mount point /)
Stopping at filesystem boundary (GIT_DISCOVERY_ACROSS_FILESYSTEM not set).
2025-07-31 20:08:59.828 [info] > git rev-parse --show-toplevel [4ms]
2025-07-31 20:08:59.828 [info] fatal: not a git repository (or any parent up to mount point /)
Stopping at filesystem boundary (GIT_DISCOVERY_ACROSS_FILESYSTEM not set).
2025-07-31 20:09:03.015 [info] > git rev-parse --show-toplevel [9ms]
2025-07-31 20:09:03.015 [info] fatal: not a git repository (or any parent up to mount point /)
Stopping at filesystem boundary (GIT_DISCOVERY_ACROSS_FILESYSTEM not set).
2025-07-31 20:09:05.250 [info] > git rev-parse --show-toplevel [5ms]
2025-07-31 20:09:05.250 [info] fatal: not a git repository (or any parent up to mount point /)
Stopping at filesystem boundary (GIT_DISCOVERY_ACROSS_FILESYSTEM not set).
2025-07-31 20:09:11.995 [info] > git rev-parse --show-toplevel [12ms]
2025-07-31 20:09:11.995 [info] fatal: not a git repository (or any parent up to mount point /)
Stopping at filesystem boundary (GIT_DISCOVERY_ACROSS_FILESYSTEM not set).
2025-07-31 20:09:12.030 [info] > git rev-parse --show-toplevel [8ms]
2025-07-31 20:09:12.030 [info] fatal: not a git repository (or any parent up to mount point /)
Stopping at filesystem boundary (GIT_DISCOVERY_ACROSS_FILESYSTEM not set).
2025-07-31 20:09:12.047 [info] > git rev-parse --show-toplevel [4ms]
2025-07-31 20:09:12.047 [info] fatal: not a git repository (or any parent up to mount point /)
Stopping at filesystem boundary (GIT_DISCOVERY_ACROSS_FILESYSTEM not set).
2025-07-31 20:09:56.830 [info] > git rev-parse --show-toplevel [2ms]
2025-07-31 20:09:56.830 [info] fatal: not a git repository (or any parent up to mount point /)
Stopping at filesystem boundary (GIT_DISCOVERY_ACROSS_FILESYSTEM not set).
2025-07-31 20:17:07.378 [info] > git rev-parse --show-toplevel [75ms]
2025-07-31 20:17:07.378 [info] fatal: not a git repository (or any parent up to mount point /)
Stopping at filesystem boundary (GIT_DISCOVERY_ACROSS_FILESYSTEM not set).
2025-07-31 20:18:50.154 [info] > git rev-parse --show-toplevel [4ms]
2025-07-31 20:18:50.154 [info] fatal: not a git repository (or any parent up to mount point /)
Stopping at filesystem boundary (GIT_DISCOVERY_ACROSS_FILESYSTEM not set).
2025-07-31 20:19:17.009 [info] > git rev-parse --show-toplevel [5ms]
2025-07-31 20:19:17.009 [info] fatal: not a git repository (or any parent up to mount point /)
Stopping at filesystem boundary (GIT_DISCOVERY_ACROSS_FILESYSTEM not set).
2025-07-31 20:20:42.794 [info] > git rev-parse --show-toplevel [4ms]
2025-07-31 20:20:42.794 [info] fatal: not a git repository (or any parent up to mount point /)
Stopping at filesystem boundary (GIT_DISCOVERY_ACROSS_FILESYSTEM not set).
2025-07-31 20:21:27.326 [info] > git rev-parse --show-toplevel [7ms]
2025-07-31 20:21:27.326 [info] fatal: not a git repository (or any parent up to mount point /)
Stopping at filesystem boundary (GIT_DISCOVERY_ACROSS_FILESYSTEM not set).
2025-07-31 20:22:54.159 [info] > git rev-parse --show-toplevel [3ms]
2025-07-31 20:22:54.159 [info] fatal: not a git repository (or any parent up to mount point /)
Stopping at filesystem boundary (GIT_DISCOVERY_ACROSS_FILESYSTEM not set).
2025-07-31 20:22:54.869 [info] > git rev-parse --show-toplevel [3ms]
2025-07-31 20:22:54.869 [info] fatal: not a git repository (or any parent up to mount point /)
Stopping at filesystem boundary (GIT_DISCOVERY_ACROSS_FILESYSTEM not set).
2025-07-31 20:24:14.345 [info] > git rev-parse --show-toplevel [5ms]
2025-07-31 20:24:14.345 [info] fatal: not a git repository (or any parent up to mount point /)
Stopping at filesystem boundary (GIT_DISCOVERY_ACROSS_FILESYSTEM not set).
